<?xml version="1.0" encoding="UTF-8"?>
<!-- Generated by org.testng.reporters.JUnitXMLReporter -->
<testsuite hostname="wsl123" name="Default test" tests="3" failures="0" timestamp="15 Mar 2018 08:33:03 GMT" time="6.226" errors="0">
  <testcase name="jsonTest" time="0.714" classname="cn.springmvc.test.MvcMockTest"/>
  <testcase name="jsonTest" time="0.026" classname="cn.springmvc.test.MvcMockTest"/>
  <testcase name="jsonTest" time="0.028" classname="cn.springmvc.test.MvcMockTest"/>
</testsuite> <!-- Default test -->
